Arguments: 
  /usr/local/bin/node /usr/local/Cellar/yarn/1.22.4/libexec/bin/yarn.js install

PATH: 
  /Users/pietrobertarini/Library/Android/sdk/tools:/Users/pietrobertarini/Library/Android/sdk/platform-tools:/Library/Internet Plug-Ins/JavaAppletPlugin.plugin/Contents/Home/bin:/Users/pietrobertarini/Library/Android/sdk/platform-tools:/Users/pietrobertarini/Library/Android/sdk/emulator:””/Users/pietrobertarini/Library/Android/sdk”/emulator:/Users/pietrobertarini/.zplugin/polaris/bin:/usr/local/bin:/usr/bin:/bin:/usr/sbin:/sbin:/usr/local/share/dotnet:/Applications/Keybase.app/Contents/SharedSupport/bin:~/.dotnet/tools:/Library/Apple/usr/bin:/Library/Frameworks/Mono.framework/Versions/Current/Commands:/YOUR_FLUTTER_DIR/flutter/bin”:/Users/pietrobertarini/Library/Android/sdk/emulator:/Users/pietrobertarini/Library/Android/sdk/tools:/Users/pietrobertarini/Library/Android/sdk/tools/bin:/Users/pietrobertarini/Library/Android/sdk/platform-tools

Yarn version: 
  1.22.4

Node version: 
  14.15.1

Platform: 
  darwin x64

Trace: 
  SyntaxError: /Users/pietrobertarini/Developer/ProcressosSeletivos/kone-challenge/package.json: Unexpected token } in JSON at position 1666
      at JSON.parse (<anonymous>)
      at /usr/local/Cellar/yarn/1.22.4/libexec/lib/cli.js:1625:59
      at Generator.next (<anonymous>)
      at step (/usr/local/Cellar/yarn/1.22.4/libexec/lib/cli.js:310:30)
      at /usr/local/Cellar/yarn/1.22.4/libexec/lib/cli.js:321:13

npm manifest: 
  {
    "name": "kone-challenge",
    "version": "0.1.0",
    "private": true,
    "dependencies": {
      "@testing-library/jest-dom": "^5.11.4",
      "@testing-library/react": "^11.1.0",
      "@testing-library/user-event": "^12.1.10",
      "react": "^17.0.1",
      "react-dom": "^17.0.1",
      "react-scripts": "4.0.3",
      "web-vitals": "^1.0.1"
    },
    "scripts": {
      "start": "react-scripts start",
      "build": "react-scripts build",
      "test": "react-scripts test",
      "eject": "react-scripts eject"
    },
    "eslintConfig": {
      "extends": [
        "react-app",
        "react-app/jest"
      ]
    },
    "browserslist": {
      "production": [
        ">0.2%",
        "not dead",
        "not op_mini all"
      ],
      "development": [
        "last 1 chrome version",
        "last 1 firefox version",
        "last 1 safari version"
      ]
    },
    "devDependencies": {
      "typescript": "^4.1.2",
      "@typescript-eslint/eslint-plugin": "4.0.1",
      "@typescript-eslint/parser": "4.0.1",
      "@types/jest": "^26.0.15",
      "@types/node": "^12.0.0",
      "@types/react": "^17.0.0",
      "@types/react-dom": "^17.0.0",
      "eslint": "7.11.0",
      "eslint-config-airbnb": "^18.1.0",
      "eslint-config-prettier": "^6.11.0",
      "eslint-config-react-app": "^5.2.1",
      "eslint-import-resolver-typescript": "^2.0.0",
      "eslint-plugin-flowtype": "^4.7.0",
      "eslint-plugin-import": "^2.22.1",
      "eslint-plugin-jsx-a11y": "^6.2.3",
      "eslint-plugin-node": "^11.1.0",
      "eslint-plugin-prettier": "^3.1.3",
      "eslint-plugin-promise": "^4.2.1",
      "eslint-plugin-react": "^7.20.0",
      "eslint-plugin-react-hooks": "^2.5.1",
      "eslint-plugin-standard": "^4.0.2",
      "prettier": "^2.0.5",
    }
  }

yarn manifest: 
  No manifest

Lockfile: 
  No lockfile
